0 info it worked if it ends with ok
1 verbose cli [ '/usr/local/bin/node', '/usr/local/bin/npm', 'run', 'build' ]
2 info using npm@3.9.3
3 info using node@v6.2.1
4 verbose run-script [ 'prebuild', 'build', 'postbuild' ]
5 info lifecycle angular2-quickstart@1.0.0~prebuild: angular2-quickstart@1.0.0
6 silly lifecycle angular2-quickstart@1.0.0~prebuild: no script for prebuild, continuing
7 info lifecycle angular2-quickstart@1.0.0~build: angular2-quickstart@1.0.0
8 verbose lifecycle angular2-quickstart@1.0.0~build: unsafe-perm in lifecycle true
9 verbose lifecycle angular2-quickstart@1.0.0~build: PATH: /usr/local/lib/node_modules/npm/bin/node-gyp-bin:/Users/Aifred/Documents/workspace/angular2-scriptportlet-webpack/node_modules/.bin:/usr/local/bin:/Users/Aifred/Documents/sp_cmdln/sp.sh:/Users/Aifred/Documents/activator-1.3.9-minimal/bin:/Users/Aifred/Documents/maven/apache-maven-3.2.1/bin:/Users/Aifred/mongodb/bin:/usr/local/bin:/usr/bin:/bin:/usr/sbin:/sbin
10 verbose lifecycle angular2-quickstart@1.0.0~build: CWD: /Users/Aifred/Documents/workspace/angular2-scriptportlet-webpack
11 silly lifecycle angular2-quickstart@1.0.0~build: Args: [ '-c',
11 silly lifecycle   'rimraf dist && webpack --config config/webpack.prod.js --progress --profile --bail && gulp connect' ]
12 silly lifecycle angular2-quickstart@1.0.0~build: Returned: code: 1  signal: null
13 info lifecycle angular2-quickstart@1.0.0~build: Failed to exec build script
14 verbose stack Error: angular2-quickstart@1.0.0 build: `rimraf dist && webpack --config config/webpack.prod.js --progress --profile --bail && gulp connect`
14 verbose stack Exit status 1
14 verbose stack     at EventEmitter.<anonymous> (/usr/local/lib/node_modules/npm/lib/utils/lifecycle.js:245:16)
14 verbose stack     at emitTwo (events.js:106:13)
14 verbose stack     at EventEmitter.emit (events.js:191:7)
14 verbose stack     at ChildProcess.<anonymous> (/usr/local/lib/node_modules/npm/lib/utils/spawn.js:24:14)
14 verbose stack     at emitTwo (events.js:106:13)
14 verbose stack     at ChildProcess.emit (events.js:191:7)
14 verbose stack     at maybeClose (internal/child_process.js:852:16)
14 verbose stack     at Process.ChildProcess._handle.onexit (internal/child_process.js:215:5)
15 verbose pkgid angular2-quickstart@1.0.0
16 verbose cwd /Users/Aifred/Documents/workspace/angular2-scriptportlet-webpack
17 error Darwin 15.5.0
18 error argv "/usr/local/bin/node" "/usr/local/bin/npm" "run" "build"
19 error node v6.2.1
20 error npm  v3.9.3
21 error code ELIFECYCLE
22 error angular2-quickstart@1.0.0 build: `rimraf dist && webpack --config config/webpack.prod.js --progress --profile --bail && gulp connect`
22 error Exit status 1
23 error Failed at the angular2-quickstart@1.0.0 build script 'rimraf dist && webpack --config config/webpack.prod.js --progress --profile --bail && gulp connect'.
23 error Make sure you have the latest version of node.js and npm installed.
23 error If you do, this is most likely a problem with the angular2-quickstart package,
23 error not with npm itself.
23 error Tell the author that this fails on your system:
23 error     rimraf dist && webpack --config config/webpack.prod.js --progress --profile --bail && gulp connect
23 error You can get information on how to open an issue for this project with:
23 error     npm bugs angular2-quickstart
23 error Or if that isn't available, you can get their info via:
23 error     npm owner ls angular2-quickstart
23 error There is likely additional logging output above.
24 verbose exit [ 1, true ]
